[debug] [2025-07-01T11:38:25.691Z] ----------------------------------------------------------------------
[debug] [2025-07-01T11:38:25.693Z] Command:       C:\Program Files\nodejs\node.exe C:\Users\Rise Higher Just!\AppData\Roaming\npm\node_modules\firebase-tools\lib\bin\firebase.js emulators:start --only auth
[debug] [2025-07-01T11:38:25.694Z] CLI Version:   14.9.0
[debug] [2025-07-01T11:38:25.694Z] Platform:      win32
[debug] [2025-07-01T11:38:25.694Z] Node Version:  v22.3.0
[debug] [2025-07-01T11:38:25.694Z] Time:          Tue Jul 01 2025 07:38:25 GMT-0400 (Eastern Daylight Saving Time)
[debug] [2025-07-01T11:38:25.694Z] ----------------------------------------------------------------------
[debug] 
[debug] [2025-07-01T11:38:25.932Z] > command requires scopes: ["email","openid","https://www.googleapis.com/auth/cloudplatformprojects.readonly","https://www.googleapis.com/auth/firebase","https://www.googleapis.com/auth/cloud-platform"]
[debug] [2025-07-01T11:38:25.933Z] > authorizing via signed-in user (taroy96622@gmail.com)
[info] i  emulators: Starting emulators: auth {"metadata":{"emulator":{"name":"hub"},"message":"Starting emulators: auth"}}
[debug] [2025-07-01T11:38:25.949Z] [logging] Logging Emulator only supports listening on one address (127.0.0.1). Not listening on ::1
[debug] [2025-07-01T11:38:25.950Z] [auth] Authentication Emulator only supports listening on one address (127.0.0.1). Not listening on ::1
[debug] [2025-07-01T11:38:25.950Z] assigned listening specs for emulators {"user":{"hub":[{"address":"127.0.0.1","family":"IPv4","port":4400},{"address":"::1","family":"IPv6","port":4400}],"ui":[{"address":"127.0.0.1","family":"IPv4","port":4000},{"address":"::1","family":"IPv6","port":4000}],"logging":[{"address":"127.0.0.1","family":"IPv4","port":4500}],"auth":[{"address":"127.0.0.1","family":"IPv4","port":9099}]},"metadata":{"message":"assigned listening specs for emulators"}}
[debug] [2025-07-01T11:38:25.956Z] [hub] writing locator at C:\Users\RISEHI~1\AppData\Local\Temp\hub-plateful-2e88e.json
[info] i  ui: downloading ui-v1.15.0.zip... {"metadata":{"emulator":{"name":"ui"},"message":"downloading ui-v1.15.0.zip..."}}
[debug] [2025-07-01T11:38:31.653Z] >>> [apiv2][query] GET https://storage.googleapis.com/firebase-preview-drop/emulator/ui-v1.15.0.zip 
[debug] [2025-07-01T11:38:32.273Z] <<< [apiv2][status] GET https://storage.googleapis.com/firebase-preview-drop/emulator/ui-v1.15.0.zip 200
[debug] [2025-07-01T11:38:32.274Z] <<< [apiv2][body] GET https://storage.googleapis.com/firebase-preview-drop/emulator/ui-v1.15.0.zip [stream]
[debug] [2025-07-01T11:38:34.674Z] Data is 3538469
[debug] [2025-07-01T11:38:34.675Z] [unzip] Entry: client/ (compressed_size=0 bytes, uncompressed_size=0 bytes)
[debug] [2025-07-01T11:38:34.675Z] [unzip] Processing entry: client\
[debug] [2025-07-01T11:38:34.675Z] [unzip] mkdir: C:\Users\Rise Higher Just!\.cache\firebase\emulators\ui-v1.15.0\client\
[debug] [2025-07-01T11:38:34.676Z] [unzip] Entry: client/favicon-16x16.png (compressed_size=293 bytes, uncompressed_size=293 bytes)
[debug] [2025-07-01T11:38:34.676Z] [unzip] Processing entry: client\favicon-16x16.png
[debug] [2025-07-01T11:38:34.676Z] [unzip] else mkdir: C:\Users\Rise Higher Just!\.cache\firebase\emulators\ui-v1.15.0\client
[debug] [2025-07-01T11:38:34.676Z] [unzip] Writing file: C:\Users\Rise Higher Just!\.cache\firebase\emulators\ui-v1.15.0\client\favicon-16x16.png
[debug] [2025-07-01T11:38:34.679Z] [unzip] Entry: client/safari-pinned-tab.svg (compressed_size=1433 bytes, uncompressed_size=2611 bytes)
[debug] [2025-07-01T11:38:34.680Z] [unzip] Processing entry: client\safari-pinned-tab.svg
[debug] [2025-07-01T11:38:34.680Z] [unzip] else mkdir: C:\Users\Rise Higher Just!\.cache\firebase\emulators\ui-v1.15.0\client
[debug] [2025-07-01T11:38:34.680Z] [unzip] deflating: C:\Users\Rise Higher Just!\.cache\firebase\emulators\ui-v1.15.0\client\safari-pinned-tab.svg
[debug] [2025-07-01T11:38:34.686Z] [unzip] Entry: client/favicon.ico (compressed_size=2933 bytes, uncompressed_size=13294 bytes)
[debug] [2025-07-01T11:38:34.686Z] [unzip] Processing entry: client\favicon.ico
[debug] [2025-07-01T11:38:34.687Z] [unzip] else mkdir: C:\Users\Rise Higher Just!\.cache\firebase\emulators\ui-v1.15.0\client
[debug] [2025-07-01T11:38:34.687Z] [unzip] deflating: C:\Users\Rise Higher Just!\.cache\firebase\emulators\ui-v1.15.0\client\favicon.ico
[debug] [2025-07-01T11:38:34.689Z] [unzip] Entry: client/index.html (compressed_size=1364 bytes, uncompressed_size=3071 bytes)
[debug] [2025-07-01T11:38:34.689Z] [unzip] Processing entry: client\index.html
[debug] [2025-07-01T11:38:34.689Z] [unzip] else mkdir: C:\Users\Rise Higher Just!\.cache\firebase\emulators\ui-v1.15.0\client
[debug] [2025-07-01T11:38:34.689Z] [unzip] deflating: C:\Users\Rise Higher Just!\.cache\firebase\emulators\ui-v1.15.0\client\index.html
[debug] [2025-07-01T11:38:34.691Z] [unzip] Entry: client/android-chrome-192x192.png (compressed_size=2684 bytes, uncompressed_size=2684 bytes)
[debug] [2025-07-01T11:38:34.691Z] [unzip] Processing entry: client\android-chrome-192x192.png
[debug] [2025-07-01T11:38:34.691Z] [unzip] else mkdir: C:\Users\Rise Higher Just!\.cache\firebase\emulators\ui-v1.15.0\client
[debug] [2025-07-01T11:38:34.691Z] [unzip] Writing file: C:\Users\Rise Higher Just!\.cache\firebase\emulators\ui-v1.15.0\client\android-chrome-192x192.png
[debug] [2025-07-01T11:38:34.692Z] [unzip] Entry: client/apple-touch-icon.png (compressed_size=2123 bytes, uncompressed_size=2152 bytes)
[debug] [2025-07-01T11:38:34.692Z] [unzip] Processing entry: client\apple-touch-icon.png
[debug] [2025-07-01T11:38:34.692Z] [unzip] else mkdir: C:\Users\Rise Higher Just!\.cache\firebase\emulators\ui-v1.15.0\client
[debug] [2025-07-01T11:38:34.693Z] [unzip] deflating: C:\Users\Rise Higher Just!\.cache\firebase\emulators\ui-v1.15.0\client\apple-touch-icon.png
[debug] [2025-07-01T11:38:34.694Z] [unzip] Entry: client/android-chrome-512x512.png (compressed_size=5369 bytes, uncompressed_size=5411 bytes)
[debug] [2025-07-01T11:38:34.694Z] [unzip] Processing entry: client\android-chrome-512x512.png
[debug] [2025-07-01T11:38:34.694Z] [unzip] else mkdir: C:\Users\Rise Higher Just!\.cache\firebase\emulators\ui-v1.15.0\client
[debug] [2025-07-01T11:38:34.695Z] [unzip] deflating: C:\Users\Rise Higher Just!\.cache\firebase\emulators\ui-v1.15.0\client\android-chrome-512x512.png
[debug] [2025-07-01T11:38:34.698Z] [unzip] Entry: client/manifest.json (compressed_size=245 bytes, uncompressed_size=551 bytes)
[debug] [2025-07-01T11:38:34.698Z] [unzip] Processing entry: client\manifest.json
[debug] [2025-07-01T11:38:34.698Z] [unzip] else mkdir: C:\Users\Rise Higher Just!\.cache\firebase\emulators\ui-v1.15.0\client
[debug] [2025-07-01T11:38:34.699Z] [unzip] deflating: C:\Users\Rise Higher Just!\.cache\firebase\emulators\ui-v1.15.0\client\manifest.json
[debug] [2025-07-01T11:38:34.700Z] [unzip] Entry: client/robots.txt (compressed_size=26 bytes, uncompressed_size=26 bytes)
[debug] [2025-07-01T11:38:34.700Z] [unzip] Processing entry: client\robots.txt
[debug] [2025-07-01T11:38:34.700Z] [unzip] else mkdir: C:\Users\Rise Higher Just!\.cache\firebase\emulators\ui-v1.15.0\client
[debug] [2025-07-01T11:38:34.701Z] [unzip] Writing file: C:\Users\Rise Higher Just!\.cache\firebase\emulators\ui-v1.15.0\client\robots.txt
[debug] [2025-07-01T11:38:34.701Z] [unzip] Entry: client/mstile-150x150.png (compressed_size=2034 bytes, uncompressed_size=2034 bytes)
[debug] [2025-07-01T11:38:34.701Z] [unzip] Processing entry: client\mstile-150x150.png
[debug] [2025-07-01T11:38:34.701Z] [unzip] else mkdir: C:\Users\Rise Higher Just!\.cache\firebase\emulators\ui-v1.15.0\client
[debug] [2025-07-01T11:38:34.702Z] [unzip] Writing file: C:\Users\Rise Higher Just!\.cache\firebase\emulators\ui-v1.15.0\client\mstile-150x150.png
[debug] [2025-07-01T11:38:34.703Z] [unzip] Entry: client/assets/ (compressed_size=0 bytes, uncompressed_size=0 bytes)
[debug] [2025-07-01T11:38:34.703Z] [unzip] Processing entry: client\assets\
[debug] [2025-07-01T11:38:34.703Z] [unzip] mkdir: C:\Users\Rise Higher Just!\.cache\firebase\emulators\ui-v1.15.0\client\assets\
[debug] [2025-07-01T11:38:34.703Z] [unzip] Entry: client/assets/index-BX-A56oj.js (compressed_size=582089 bytes, uncompressed_size=2092775 bytes)
[debug] [2025-07-01T11:38:34.703Z] [unzip] Processing entry: client\assets\index-BX-A56oj.js
[debug] [2025-07-01T11:38:34.703Z] [unzip] else mkdir: C:\Users\Rise Higher Just!\.cache\firebase\emulators\ui-v1.15.0\client\assets
[debug] [2025-07-01T11:38:34.704Z] [unzip] deflating: C:\Users\Rise Higher Just!\.cache\firebase\emulators\ui-v1.15.0\client\assets\index-BX-A56oj.js
[debug] [2025-07-01T11:38:34.717Z] [unzip] Entry: client/assets/index-CjB9C900.css (compressed_size=35979 bytes, uncompressed_size=298654 bytes)
[debug] [2025-07-01T11:38:34.717Z] [unzip] Processing entry: client\assets\index-CjB9C900.css
[debug] [2025-07-01T11:38:34.717Z] [unzip] else mkdir: C:\Users\Rise Higher Just!\.cache\firebase\emulators\ui-v1.15.0\client\assets
[debug] [2025-07-01T11:38:34.717Z] [unzip] deflating: C:\Users\Rise Higher Just!\.cache\firebase\emulators\ui-v1.15.0\client\assets\index-CjB9C900.css
[debug] [2025-07-01T11:38:34.719Z] [unzip] Entry: client/assets/index-BX-A56oj.js.map (compressed_size=2362482 bytes, uncompressed_size=10036679 bytes)
[debug] [2025-07-01T11:38:34.720Z] [unzip] Processing entry: client\assets\index-BX-A56oj.js.map
[debug] [2025-07-01T11:38:34.720Z] [unzip] else mkdir: C:\Users\Rise Higher Just!\.cache\firebase\emulators\ui-v1.15.0\client\assets
[debug] [2025-07-01T11:38:34.720Z] [unzip] deflating: C:\Users\Rise Higher Just!\.cache\firebase\emulators\ui-v1.15.0\client\assets\index-BX-A56oj.js.map
[debug] [2025-07-01T11:38:34.798Z] [unzip] Entry: client/assets/extensions/ (compressed_size=0 bytes, uncompressed_size=0 bytes)
[debug] [2025-07-01T11:38:34.799Z] [unzip] Processing entry: client\assets\extensions\
[debug] [2025-07-01T11:38:34.799Z] [unzip] mkdir: C:\Users\Rise Higher Just!\.cache\firebase\emulators\ui-v1.15.0\client\assets\extensions\
[debug] [2025-07-01T11:38:34.799Z] [unzip] Entry: client/assets/extensions/default-extension.png (compressed_size=1646 bytes, uncompressed_size=1657 bytes)
[debug] [2025-07-01T11:38:34.799Z] [unzip] Processing entry: client\assets\extensions\default-extension.png
[debug] [2025-07-01T11:38:34.799Z] [unzip] else mkdir: C:\Users\Rise Higher Just!\.cache\firebase\emulators\ui-v1.15.0\client\assets\extensions
[debug] [2025-07-01T11:38:34.800Z] [unzip] deflating: C:\Users\Rise Higher Just!\.cache\firebase\emulators\ui-v1.15.0\client\assets\extensions\default-extension.png
[debug] [2025-07-01T11:38:34.801Z] [unzip] Entry: client/assets/img/ (compressed_size=0 bytes, uncompressed_size=0 bytes)
[debug] [2025-07-01T11:38:34.801Z] [unzip] Processing entry: client\assets\img\
[debug] [2025-07-01T11:38:34.801Z] [unzip] mkdir: C:\Users\Rise Higher Just!\.cache\firebase\emulators\ui-v1.15.0\client\assets\img\
[debug] [2025-07-01T11:38:34.801Z] [unzip] Entry: client/assets/img/database.png (compressed_size=29449 bytes, uncompressed_size=29988 bytes)
[debug] [2025-07-01T11:38:34.802Z] [unzip] Processing entry: client\assets\img\database.png
[debug] [2025-07-01T11:38:34.802Z] [unzip] else mkdir: C:\Users\Rise Higher Just!\.cache\firebase\emulators\ui-v1.15.0\client\assets\img
[debug] [2025-07-01T11:38:34.802Z] [unzip] deflating: C:\Users\Rise Higher Just!\.cache\firebase\emulators\ui-v1.15.0\client\assets\img\database.png
[debug] [2025-07-01T11:38:34.803Z] [unzip] Entry: client/assets/provider-icons/ (compressed_size=0 bytes, uncompressed_size=0 bytes)
[debug] [2025-07-01T11:38:34.803Z] [unzip] Processing entry: client\assets\provider-icons\
[debug] [2025-07-01T11:38:34.803Z] [unzip] mkdir: C:\Users\Rise Higher Just!\.cache\firebase\emulators\ui-v1.15.0\client\assets\provider-icons\
[debug] [2025-07-01T11:38:34.803Z] [unzip] Entry: client/assets/provider-icons/auth_service_saml.svg (compressed_size=575 bytes, uncompressed_size=1226 bytes)
[debug] [2025-07-01T11:38:34.803Z] [unzip] Processing entry: client\assets\provider-icons\auth_service_saml.svg
[debug] [2025-07-01T11:38:34.803Z] [unzip] else mkdir: C:\Users\Rise Higher Just!\.cache\firebase\emulators\ui-v1.15.0\client\assets\provider-icons
[debug] [2025-07-01T11:38:34.803Z] [unzip] deflating: C:\Users\Rise Higher Just!\.cache\firebase\emulators\ui-v1.15.0\client\assets\provider-icons\auth_service_saml.svg
[debug] [2025-07-01T11:38:34.804Z] [unzip] Entry: client/assets/provider-icons/auth_service_phone.svg (compressed_size=261 bytes, uncompressed_size=414 bytes)
[debug] [2025-07-01T11:38:34.804Z] [unzip] Processing entry: client\assets\provider-icons\auth_service_phone.svg
[debug] [2025-07-01T11:38:34.804Z] [unzip] else mkdir: C:\Users\Rise Higher Just!\.cache\firebase\emulators\ui-v1.15.0\client\assets\provider-icons
[debug] [2025-07-01T11:38:34.804Z] [unzip] deflating: C:\Users\Rise Higher Just!\.cache\firebase\emulators\ui-v1.15.0\client\assets\provider-icons\auth_service_phone.svg
[debug] [2025-07-01T11:38:34.805Z] [unzip] Entry: client/assets/provider-icons/auth_service_facebook.svg (compressed_size=289 bytes, uncompressed_size=457 bytes)
[debug] [2025-07-01T11:38:34.805Z] [unzip] Processing entry: client\assets\provider-icons\auth_service_facebook.svg
[debug] [2025-07-01T11:38:34.805Z] [unzip] else mkdir: C:\Users\Rise Higher Just!\.cache\firebase\emulators\ui-v1.15.0\client\assets\provider-icons
[debug] [2025-07-01T11:38:34.806Z] [unzip] deflating: C:\Users\Rise Higher Just!\.cache\firebase\emulators\ui-v1.15.0\client\assets\provider-icons\auth_service_facebook.svg
[debug] [2025-07-01T11:38:34.806Z] [unzip] Entry: client/assets/provider-icons/auth_service_game_center.svg (compressed_size=991 bytes, uncompressed_size=3921 bytes)
[debug] [2025-07-01T11:38:34.806Z] [unzip] Processing entry: client\assets\provider-icons\auth_service_game_center.svg
[debug] [2025-07-01T11:38:34.806Z] [unzip] else mkdir: C:\Users\Rise Higher Just!\.cache\firebase\emulators\ui-v1.15.0\client\assets\provider-icons
[debug] [2025-07-01T11:38:34.807Z] [unzip] deflating: C:\Users\Rise Higher Just!\.cache\firebase\emulators\ui-v1.15.0\client\assets\provider-icons\auth_service_game_center.svg
[debug] [2025-07-01T11:38:34.808Z] [unzip] Entry: client/assets/provider-icons/auth_service_apple.svg (compressed_size=230 bytes, uncompressed_size=334 bytes)
[debug] [2025-07-01T11:38:34.808Z] [unzip] Processing entry: client\assets\provider-icons\auth_service_apple.svg
[debug] [2025-07-01T11:38:34.808Z] [unzip] else mkdir: C:\Users\Rise Higher Just!\.cache\firebase\emulators\ui-v1.15.0\client\assets\provider-icons
[debug] [2025-07-01T11:38:34.808Z] [unzip] deflating: C:\Users\Rise Higher Just!\.cache\firebase\emulators\ui-v1.15.0\client\assets\provider-icons\auth_service_apple.svg
[debug] [2025-07-01T11:38:34.808Z] [unzip] Entry: client/assets/provider-icons/auth_service_github.svg (compressed_size=466 bytes, uncompressed_size=838 bytes)
[debug] [2025-07-01T11:38:34.808Z] [unzip] Processing entry: client\assets\provider-icons\auth_service_github.svg
[debug] [2025-07-01T11:38:34.809Z] [unzip] else mkdir: C:\Users\Rise Higher Just!\.cache\firebase\emulators\ui-v1.15.0\client\assets\provider-icons
[debug] [2025-07-01T11:38:34.809Z] [unzip] deflating: C:\Users\Rise Higher Just!\.cache\firebase\emulators\ui-v1.15.0\client\assets\provider-icons\auth_service_github.svg
[debug] [2025-07-01T11:38:34.810Z] [unzip] Entry: client/assets/provider-icons/auth_service_mslive.svg (compressed_size=203 bytes, uncompressed_size=378 bytes)
[debug] [2025-07-01T11:38:34.810Z] [unzip] Processing entry: client\assets\provider-icons\auth_service_mslive.svg
[debug] [2025-07-01T11:38:34.810Z] [unzip] else mkdir: C:\Users\Rise Higher Just!\.cache\firebase\emulators\ui-v1.15.0\client\assets\provider-icons
[debug] [2025-07-01T11:38:34.810Z] [unzip] deflating: C:\Users\Rise Higher Just!\.cache\firebase\emulators\ui-v1.15.0\client\assets\provider-icons\auth_service_mslive.svg
[debug] [2025-07-01T11:38:34.811Z] [unzip] Entry: client/assets/provider-icons/auth_service_yahoo.svg (compressed_size=577 bytes, uncompressed_size=1182 bytes)
[debug] [2025-07-01T11:38:34.811Z] [unzip] Processing entry: client\assets\provider-icons\auth_service_yahoo.svg
[debug] [2025-07-01T11:38:34.811Z] [unzip] else mkdir: C:\Users\Rise Higher Just!\.cache\firebase\emulators\ui-v1.15.0\client\assets\provider-icons
[debug] [2025-07-01T11:38:34.811Z] [unzip] deflating: C:\Users\Rise Higher Just!\.cache\firebase\emulators\ui-v1.15.0\client\assets\provider-icons\auth_service_yahoo.svg
[debug] [2025-07-01T11:38:34.812Z] [unzip] Entry: client/assets/provider-icons/auth_service_twitter.svg (compressed_size=444 bytes, uncompressed_size=751 bytes)
[debug] [2025-07-01T11:38:34.812Z] [unzip] Processing entry: client\assets\provider-icons\auth_service_twitter.svg
[debug] [2025-07-01T11:38:34.812Z] [unzip] else mkdir: C:\Users\Rise Higher Just!\.cache\firebase\emulators\ui-v1.15.0\client\assets\provider-icons
[debug] [2025-07-01T11:38:34.812Z] [unzip] deflating: C:\Users\Rise Higher Just!\.cache\firebase\emulators\ui-v1.15.0\client\assets\provider-icons\auth_service_twitter.svg
[debug] [2025-07-01T11:38:34.813Z] [unzip] Entry: client/assets/provider-icons/auth_service_play_games.svg (compressed_size=565 bytes, uncompressed_size=1173 bytes)
[debug] [2025-07-01T11:38:34.813Z] [unzip] Processing entry: client\assets\provider-icons\auth_service_play_games.svg
[debug] [2025-07-01T11:38:34.813Z] [unzip] else mkdir: C:\Users\Rise Higher Just!\.cache\firebase\emulators\ui-v1.15.0\client\assets\provider-icons
[debug] [2025-07-01T11:38:34.813Z] [unzip] deflating: C:\Users\Rise Higher Just!\.cache\firebase\emulators\ui-v1.15.0\client\assets\provider-icons\auth_service_play_games.svg
[debug] [2025-07-01T11:38:34.814Z] [unzip] Entry: client/assets/provider-icons/auth_service_email.svg (compressed_size=228 bytes, uncompressed_size=326 bytes)
[debug] [2025-07-01T11:38:34.814Z] [unzip] Processing entry: client\assets\provider-icons\auth_service_email.svg
[debug] [2025-07-01T11:38:34.815Z] [unzip] else mkdir: C:\Users\Rise Higher Just!\.cache\firebase\emulators\ui-v1.15.0\client\assets\provider-icons
[debug] [2025-07-01T11:38:34.815Z] [unzip] deflating: C:\Users\Rise Higher Just!\.cache\firebase\emulators\ui-v1.15.0\client\assets\provider-icons\auth_service_email.svg
[debug] [2025-07-01T11:38:34.815Z] [unzip] Entry: client/assets/provider-icons/auth_service_google.svg (compressed_size=409 bytes, uncompressed_size=720 bytes)
[debug] [2025-07-01T11:38:34.815Z] [unzip] Processing entry: client\assets\provider-icons\auth_service_google.svg
[debug] [2025-07-01T11:38:34.815Z] [unzip] else mkdir: C:\Users\Rise Higher Just!\.cache\firebase\emulators\ui-v1.15.0\client\assets\provider-icons
[debug] [2025-07-01T11:38:34.816Z] [unzip] deflating: C:\Users\Rise Higher Just!\.cache\firebase\emulators\ui-v1.15.0\client\assets\provider-icons\auth_service_google.svg
[debug] [2025-07-01T11:38:34.817Z] [unzip] Entry: client/assets/provider-icons/auth_service_oidc.svg (compressed_size=414 bytes, uncompressed_size=858 bytes)
[debug] [2025-07-01T11:38:34.817Z] [unzip] Processing entry: client\assets\provider-icons\auth_service_oidc.svg
[debug] [2025-07-01T11:38:34.817Z] [unzip] else mkdir: C:\Users\Rise Higher Just!\.cache\firebase\emulators\ui-v1.15.0\client\assets\provider-icons
[debug] [2025-07-01T11:38:34.817Z] [unzip] deflating: C:\Users\Rise Higher Just!\.cache\firebase\emulators\ui-v1.15.0\client\assets\provider-icons\auth_service_oidc.svg
[debug] [2025-07-01T11:38:34.818Z] [unzip] Entry: client/browserconfig.xml (compressed_size=491 bytes, uncompressed_size=822 bytes)
[debug] [2025-07-01T11:38:34.818Z] [unzip] Processing entry: client\browserconfig.xml
[debug] [2025-07-01T11:38:34.818Z] [unzip] else mkdir: C:\Users\Rise Higher Just!\.cache\firebase\emulators\ui-v1.15.0\client
[debug] [2025-07-01T11:38:34.818Z] [unzip] deflating: C:\Users\Rise Higher Just!\.cache\firebase\emulators\ui-v1.15.0\client\browserconfig.xml
[debug] [2025-07-01T11:38:34.819Z] [unzip] Entry: client/favicon-32x32.png (compressed_size=475 bytes, uncompressed_size=475 bytes)
[debug] [2025-07-01T11:38:34.819Z] [unzip] Processing entry: client\favicon-32x32.png
[debug] [2025-07-01T11:38:34.819Z] [unzip] else mkdir: C:\Users\Rise Higher Just!\.cache\firebase\emulators\ui-v1.15.0\client
[debug] [2025-07-01T11:38:34.819Z] [unzip] Writing file: C:\Users\Rise Higher Just!\.cache\firebase\emulators\ui-v1.15.0\client\favicon-32x32.png
[debug] [2025-07-01T11:38:34.819Z] [unzip] Entry: server/ (compressed_size=0 bytes, uncompressed_size=0 bytes)
[debug] [2025-07-01T11:38:34.819Z] [unzip] Processing entry: server\
[debug] [2025-07-01T11:38:34.819Z] [unzip] mkdir: C:\Users\Rise Higher Just!\.cache\firebase\emulators\ui-v1.15.0\server\
[debug] [2025-07-01T11:38:34.820Z] [unzip] Entry: server/server.mjs.map (compressed_size=217845 bytes, uncompressed_size=944978 bytes)
[debug] [2025-07-01T11:38:34.820Z] [unzip] Processing entry: server\server.mjs.map
[debug] [2025-07-01T11:38:34.820Z] [unzip] else mkdir: C:\Users\Rise Higher Just!\.cache\firebase\emulators\ui-v1.15.0\server
[debug] [2025-07-01T11:38:34.820Z] [unzip] deflating: C:\Users\Rise Higher Just!\.cache\firebase\emulators\ui-v1.15.0\server\server.mjs.map
[debug] [2025-07-01T11:38:34.824Z] [unzip] Entry: server/server.mjs (compressed_size=276407 bytes, uncompressed_size=933701 bytes)
[debug] [2025-07-01T11:38:34.824Z] [unzip] Processing entry: server\server.mjs
[debug] [2025-07-01T11:38:34.824Z] [unzip] else mkdir: C:\Users\Rise Higher Just!\.cache\firebase\emulators\ui-v1.15.0\server
[debug] [2025-07-01T11:38:34.825Z] [unzip] deflating: C:\Users\Rise Higher Just!\.cache\firebase\emulators\ui-v1.15.0\server\server.mjs
[debug] [2025-07-01T11:38:34.837Z] Could not find VSCode notification endpoint: FetchError: request to http://localhost:40001/vscode/notify failed, reason: . If you are not running the Firebase Data Connect VSCode extension, this is expected and not an issue.
[info] 
┌─────────────────────────────────────────────────────────────┐
│ ✔  All emulators ready! It is now safe to connect your app. │
│ i  View Emulator UI at http://127.0.0.1:4000/               │
└─────────────────────────────────────────────────────────────┘

┌────────────────┬────────────────┬────────────────────────────┐
│ Emulator       │ Host:Port      │ View in Emulator UI        │
├────────────────┼────────────────┼────────────────────────────┤
│ Authentication │ 127.0.0.1:9099 │ http://127.0.0.1:4000/auth │
└────────────────┴────────────────┴────────────────────────────┘
  Emulator Hub host: 127.0.0.1 port: 4400
  Other reserved ports: 4500

Issues? Report them at https://github.com/firebase/firebase-tools/issues and attach the *-debug.log files.
 
