Exception in thread "main" java.util.ServiceConfigurationError: io.grpc.NameResolverProvider: Error accessing configuration file
	at java.base/java.util.ServiceLoader.fail(ServiceLoader.java:581)
	at java.base/java.util.ServiceLoader$LazyClassPathLookupIterator.parse(ServiceLoader.java:1172)
	at java.base/java.util.ServiceLoader$LazyClassPathLookupIterator.nextProviderClass(ServiceLoader.java:1205)
	at java.base/java.util.ServiceLoader$LazyClassPathLookupIterator.hasNextService(ServiceLoader.java:1220)
	at java.base/java.util.ServiceLoader$LazyClassPathLookupIterator.hasNext(ServiceLoader.java:1264)
	at java.base/java.util.ServiceLoader$2.hasNext(ServiceLoader.java:1299)
	at java.base/java.util.ServiceLoader$3.hasNext(ServiceLoader.java:1384)
	at io.grpc.ServiceProviders.getCandidatesViaServiceLoader(ServiceProviders.java:111)
	at io.grpc.ServiceProviders.loadAll(ServiceProviders.java:64)
	at io.grpc.NameResolverRegistry.getDefaultRegistry(NameResolverRegistry.java:126)
	at io.grpc.internal.ManagedChannelImplBuilder.<init>(ManagedChannelImplBuilder.java:152)
	at io.grpc.internal.ManagedChannelImplBuilder.<init>(ManagedChannelImplBuilder.java:272)
	at io.grpc.netty.NettyChannelBuilder.<init>(NettyChannelBuilder.java:199)
	at io.grpc.netty.NettyChannelBuilder.forTarget(NettyChannelBuilder.java:169)
	at io.grpc.netty.NettyChannelBuilder.forAddress(NettyChannelBuilder.java:154)
	at com.google.cloud.datastore.emulator.firestore.CloudFirestore.buildGrpcServer(CloudFirestore.java:321)
	at com.google.cloud.datastore.emulator.firestore.CloudFirestore.init(CloudFirestore.java:228)
	at com.google.cloud.datastore.emulator.firestore.CloudFirestore.startLocally(CloudFirestore.java:121)
	at com.google.cloud.datastore.emulator.firestore.CloudFirestore.main(CloudFirestore.java:102)
Caused by: java.nio.file.NoSuchFileException: C:\Users\Rise Higher Just
	at java.base/sun.nio.fs.WindowsException.translateToIOException(WindowsException.java:85)
	at java.base/sun.nio.fs.WindowsException.rethrowAsIOException(WindowsException.java:103)
	at java.base/sun.nio.fs.WindowsException.rethrowAsIOException(WindowsException.java:108)
	at java.base/sun.nio.fs.WindowsFileAttributeViews$Basic.readAttributes(WindowsFileAttributeViews.java:53)
	at java.base/sun.nio.fs.WindowsFileAttributeViews$Basic.readAttributes(WindowsFileAttributeViews.java:38)
	at java.base/sun.nio.fs.WindowsFileSystemProvider.readAttributes(WindowsFileSystemProvider.java:194)
	at java.base/java.nio.file.Files.readAttributes(Files.java:1763)
	at java.base/java.util.zip.ZipFile$Source.get(ZipFile.java:1222)
	at java.base/java.util.zip.ZipFile$CleanableResource.<init>(ZipFile.java:824)
	at java.base/java.util.zip.ZipFile$CleanableResource$FinalizableResource.<init>(ZipFile.java:850)
	at java.base/java.util.zip.ZipFile$CleanableResource.get(ZipFile.java:839)
	at java.base/java.util.zip.ZipFile.<init>(ZipFile.java:246)
	at java.base/java.util.zip.ZipFile.<init>(ZipFile.java:176)
	at java.base/java.util.jar.JarFile.<init>(JarFile.java:346)
	at java.base/sun.net.www.protocol.jar.URLJarFile.<init>(URLJarFile.java:103)
	at java.base/sun.net.www.protocol.jar.URLJarFile.getJarFile(URLJarFile.java:72)
	at java.base/sun.net.www.protocol.jar.JarFileFactory.get(JarFileFactory.java:109)
	at java.base/sun.net.www.protocol.jar.JarURLConnection.connect(JarURLConnection.java:125)
	at java.base/sun.net.www.protocol.jar.JarURLConnection.getInputStream(JarURLConnection.java:155)
	at java.base/java.util.ServiceLoader$LazyClassPathLookupIterator.parse(ServiceLoader.java:1164)
	... 17 more
